<?xml version="1.0" encoding="UTF-8"?>
<!-- Generated by org.testng.reporters.JUnitReportReporter -->
<testsuite hostname="DESKTOP-K9RI7TS" failures="0" tests="4" name="runners.TestRunner" time="24.519" errors="0" timestamp="2026-04-02T09:42:11 IST" skipped="0">
  <testcase classname="runners.TestRunner" name="runScenario" time="3.714"/>
  <testcase classname="runners.TestRunner" name="runScenario" time="4.033"/>
  <testcase classname="runners.TestRunner" name="runScenario" time="9.890"/>
  <testcase classname="runners.TestRunner" name="runScenario" time="6.882"/>
</testsuite> <!-- runners.TestRunner -->
