<?xml version="1.0" encoding="UTF-8"?>
<testng-results ignored="0" total="4" passed="4" failed="0" skipped="0">
  <reporter-output>
  </reporter-output>
  <suite started-at="2026-04-02T09:41:45 IST" name="Surefire suite" finished-at="2026-04-02T09:42:11 IST" duration-ms="25863">
    <groups>
      <group name="cucumber">
        <method signature="AbstractTestNGCucumberTests.runScenario(io.cucumber.testng.PickleWrapper,io.cucumber.testng.FeatureWrapper)[pri:0, instance:runners.TestRunner@4313f5bc]" name="runScenario" class="io.cucumber.testng.AbstractTestNGCucumberTests"/>
      </group> <!-- cucumber -->
    </groups>
    <test started-at="2026-04-02T09:41:45 IST" name="Surefire test" finished-at="2026-04-02T09:42:11 IST" duration-ms="25863">
      <class name="runners.TestRunner">
        <test-method is-config="true" signature="setUpClass(org.testng.ITestContext)[pri:0, instance:runners.TestRunner@4313f5bc]" started-at="2026-04-02T09:41:45 IST" name="setUpClass" finished-at="2026-04-02T09:41:46 IST" duration-ms="904" status="PASS">
          <params>
            <param index="0">
              <value>
                <![CDATA[org.testng.TestRunner@11ad095c]]>
              </value>
            </param>
          </params>
          <reporter-output>
          </reporter-output>
        </test-method> <!-- setUpClass -->
        <test-method signature="runScenario(io.cucumber.testng.PickleWrapper,io.cucumber.testng.FeatureWrapper)[pri:0, instance:runners.TestRunner@4313f5bc]" started-at="2026-04-02T09:41:46 IST" name="runScenario" description="Runs Cucumber Scenarios" data-provider="scenarios" finished-at="2026-04-02T09:41:56 IST" duration-ms="9890" status="PASS">
          <params>
            <param index="0">
              <value>
                <![CDATA["Validate pet in sold list"]]>
              </value>
            </param>
            <param index="1">
              <value>
                <![CDATA["Cross Endpoint Validation"]]>
              </value>
            </param>
          </params>
          <reporter-output>
          </reporter-output>
        </test-method> <!-- runScenario -->
        <test-method signature="runScenario(io.cucumber.testng.PickleWrapper,io.cucumber.testng.FeatureWrapper)[pri:0, instance:runners.TestRunner@4313f5bc]" started-at="2026-04-02T09:41:56 IST" name="runScenario" description="Runs Cucumber Scenarios" data-provider="scenarios" finished-at="2026-04-02T09:42:03 IST" duration-ms="6882" status="PASS">
          <params>
            <param index="0">
              <value>
                <![CDATA["CRUD operations on pet"]]>
              </value>
            </param>
            <param index="1">
              <value>
                <![CDATA["Pet Lifecycle"]]>
              </value>
            </param>
          </params>
          <reporter-output>
          </reporter-output>
        </test-method> <!-- runScenario -->
        <test-method signature="runScenario(io.cucumber.testng.PickleWrapper,io.cucumber.testng.FeatureWrapper)[pri:0, instance:runners.TestRunner@4313f5bc]" started-at="2026-04-02T09:42:03 IST" name="runScenario" description="Runs Cucumber Scenarios" data-provider="scenarios" finished-at="2026-04-02T09:42:06 IST" duration-ms="3714" status="PASS">
          <params>
            <param index="0">
              <value>
                <![CDATA["Validate available pets count"]]>
              </value>
            </param>
            <param index="1">
              <value>
                <![CDATA["Inventory"]]>
              </value>
            </param>
          </params>
          <reporter-output>
          </reporter-output>
        </test-method> <!-- runScenario -->
        <test-method signature="runScenario(io.cucumber.testng.PickleWrapper,io.cucumber.testng.FeatureWrapper)[pri:0, instance:runners.TestRunner@4313f5bc]" started-at="2026-04-02T09:42:06 IST" name="runScenario" description="Runs Cucumber Scenarios" data-provider="scenarios" finished-at="2026-04-02T09:42:10 IST" duration-ms="4033" status="PASS">
          <params>
            <param index="0">
              <value>
                <![CDATA["Invalid user operations"]]>
              </value>
            </param>
            <param index="1">
              <value>
                <![CDATA["User Negative Testing"]]>
              </value>
            </param>
          </params>
          <reporter-output>
          </reporter-output>
        </test-method> <!-- runScenario -->
        <test-method is-config="true" signature="tearDownClass()[pri:0, instance:runners.TestRunner@4313f5bc]" started-at="2026-04-02T09:42:10 IST" name="tearDownClass" finished-at="2026-04-02T09:42:11 IST" duration-ms="100" status="PASS">
          <reporter-output>
          </reporter-output>
        </test-method> <!-- tearDownClass -->
      </class> <!-- runners.TestRunner -->
    </test> <!-- Surefire test -->
  </suite> <!-- Surefire suite -->
</testng-results>
