<?xml version="1.0" encoding="UTF-8"?>
<testsuite xmlns:xsi="http://www.w3.org/2001/XMLSchema-instance" xsi:noNamespaceSchemaLocation="https://maven.apache.org/surefire/maven-surefire-plugin/xsd/surefire-test-report-3.0.xsd" version="3.0" name="runners.TestRunner" time="26.578" tests="4" errors="0" skipped="0" failures="0">
  <properties>
[...]
</properties>
  <testcase name="runScenario[&quot;Validate pet in sold list&quot;, &quot;Cross Endpoint Validation&quot;](1)" classname="runners.TestRunner" time="10.146">
    <system-out><![CDATA[
Scenario: Validate pet in sold list     &amp#27;[90m# src/test/resources/features/cross.feature:3&amp#27;[0m
Request method:	POST
Request URI:	https://petstore.swagger.io/v2/pet
Proxy:			<none>
Request params:	<none>
Query params:	<none>
Form params:	<none>
Path params:	<none>
Headers:		Accept=*/*
				Content-Type=application/json
Cookies:		<none>
Multiparts:		<none>
Body:
{
    "id": 1775103106936,
    "name": "Bulldog_1775103106932",
    "status": "available"
}
HTTP/1.1 200 OK
Date: Thu, 02 Apr 2026 04:11:50 GMT
Content-Type: application/json
Transfer-Encoding: chunked
Connection: keep-alive
Access-Control-Allow-Origin: *
Access-Control-Allow-Methods: GET, POST, DELETE, PUT
Access-Control-Allow-Headers: Content-Type, api_key, Authorization
Server: Jetty(9.2.9.v20150224)

{
    "id": 1775103106936,
    "name": "Bulldog_1775103106932",
    "photoUrls": [
        
    ],
    "tags": [
        
    ],
    "status": "available"
}
Created Pet ID: 1281613688
  &amp#27;[32mGiven &amp#27;[0m&amp#27;[32mI create pet with category&amp#27;[0m      &amp#27;[90m# stepDefinitions.CrossSteps.createPet()&amp#27;[0m
Request method:	PUT
Request URI:	https://petstore.swagger.io/v2/pet
Proxy:			<none>
Request params:	<none>
Query params:	<none>
Form params:	<none>
Path params:	<none>
Headers:		Accept=*/*
				Content-Type=application/json
Cookies:		<none>
Multiparts:		<none>
Body:
{
    "id": 1281613688,
    "name": "Bulldog_1775103106932",
    "status": "sold"
}
HTTP/1.1 200 OK
Date: Thu, 02 Apr 2026 04:11:53 GMT
Content-Type: application/json
Transfer-Encoding: chunked
Connection: keep-alive
Access-Control-Allow-Origin: *
Access-Control-Allow-Methods: GET, POST, DELETE, PUT
Access-Control-Allow-Headers: Content-Type, api_key, Authorization
Server: Jetty(9.2.9.v20150224)

{
    "id": 1281613688,
    "name": "Bulldog_1775103106932",
    "photoUrls": [
        
    ],
    "tags": [
        
    ],
    "status": "sold"
}
  &amp#27;[32mWhen &amp#27;[0m&amp#27;[32mI update pet to sold&amp#27;[0m             &amp#27;[90m# stepDefinitions.CrossSteps.updatePet()&amp#27;[0m
Request method:	GET
Request URI:	https://petstore.swagger.io/v2/pet/findByStatus?status=sold
Proxy:			<none>
Request params:	<none>
Query params:	<none>
Form params:	<none>
Path params:	<none>
Headers:		Accept=*/*
				Content-Type=application/json
Cookies:		<none>
Multiparts:		<none>
Body:			<none>
  &amp#27;[32mThen &amp#27;[0m&amp#27;[32mvalidate pet exists in sold list&amp#27;[0m &amp#27;[90m# stepDefinitions.CrossSteps.validate()&amp#27;[0m
]]></system-out>
    <system-err><![CDATA[SLF4J: Failed to load class "org.slf4j.impl.StaticLoggerBinder".
SLF4J: Defaulting to no-operation (NOP) logger implementation
SLF4J: See http://www.slf4j.org/codes.html#StaticLoggerBinder for further details.
log4j:WARN No appenders could be found for logger (org.apache.http.impl.conn.BasicClientConnectionManager).
log4j:WARN Please initialize the log4j system properly.
log4j:WARN See http://logging.apache.org/log4j/1.2/faq.html#noconfig for more info.
]]></system-err>
  </testcase>
  <testcase name="runScenario[&quot;CRUD operations on pet&quot;, &quot;Pet Lifecycle&quot;](2)" classname="runners.TestRunner" time="6.876">
    <system-out><![CDATA[
Scenario: CRUD operations on pet   &amp#27;[90m# src/test/resources/features/pet.feature:3&amp#27;[0m
Request method:	POST
Request URI:	https://petstore.swagger.io/v2/pet
Proxy:			<none>
Request params:	<none>
Query params:	<none>
Form params:	<none>
Path params:	<none>
Headers:		Accept=*/*
				Content-Type=application/json
Cookies:		<none>
Multiparts:		<none>
Body:
{
    "id": 16346,
    "name": "Dog_1775103116344",
    "status": "available"
}
  &amp#27;[32mGiven &amp#27;[0m&amp#27;[32mI create a pet&amp#27;[0m             &amp#27;[90m# stepDefinitions.PetSteps.createPet()&amp#27;[0m
Request method:	GET
Request URI:	https://petstore.swagger.io/v2/pet/16346
Proxy:			<none>
Request params:	<none>
Query params:	<none>
Form params:	<none>
Path params:	<none>
Headers:		Accept=*/*
				Content-Type=application/json
Cookies:		<none>
Multiparts:		<none>
Body:			<none>
  &amp#27;[32mWhen &amp#27;[0m&amp#27;[32mI get the pet&amp#27;[0m               &amp#27;[90m# stepDefinitions.PetSteps.getPet()&amp#27;[0m
  &amp#27;[32mThen &amp#27;[0m&amp#27;[32mvalidate pet details&amp#27;[0m        &amp#27;[90m# stepDefinitions.PetSteps.validatePet()&amp#27;[0m
Request method:	PUT
Request URI:	https://petstore.swagger.io/v2/pet
Proxy:			<none>
Request params:	<none>
Query params:	<none>
Form params:	<none>
Path params:	<none>
Headers:		Accept=*/*
				Content-Type=application/json
Cookies:		<none>
Multiparts:		<none>
Body:
{
    "id": 16346,
    "name": "Dog_1775103116344",
    "status": "sold"
}
  &amp#27;[32mWhen &amp#27;[0m&amp#27;[32mI update pet status to sold&amp#27;[0m &amp#27;[90m# stepDefinitions.PetSteps.updatePet()&amp#27;[0m
Request method:	DELETE
Request URI:	https://petstore.swagger.io/v2/pet/16346
Proxy:			<none>
Request params:	<none>
Query params:	<none>
Form params:	<none>
Path params:	<none>
Headers:		Accept=*/*
				Content-Type=application/json
Cookies:		<none>
Multiparts:		<none>
Body:			<none>
Request method:	GET
Request URI:	https://petstore.swagger.io/v2/pet/16346
Proxy:			<none>
Request params:	<none>
Query params:	<none>
Form params:	<none>
Path params:	<none>
Headers:		Accept=*/*
				Content-Type=application/json
Cookies:		<none>
Multiparts:		<none>
Body:			<none>
  &amp#27;[32mThen &amp#27;[0m&amp#27;[32mI delete the pet&amp#27;[0m            &amp#27;[90m# stepDefinitions.PetSteps.deletePet()&amp#27;[0m
]]></system-out>
  </testcase>
  <testcase name="runScenario[&quot;Validate available pets count&quot;, &quot;Inventory&quot;](3)" classname="runners.TestRunner" time="3.716">
    <system-out><![CDATA[
Scenario: Validate available pets count &amp#27;[90m# src/test/resources/features/store.feature:3&amp#27;[0m
Request method:	GET
Request URI:	https://petstore.swagger.io/v2/store/inventory
Proxy:			<none>
Request params:	<none>
Query params:	<none>
Form params:	<none>
Path params:	<none>
Headers:		Accept=*/*
				Content-Type=application/json
Cookies:		<none>
Multiparts:		<none>
Body:			<none>
  &amp#27;[32mWhen &amp#27;[0m&amp#27;[32mI get store inventory&amp#27;[0m            &amp#27;[90m# stepDefinitions.StoreSteps.getInventory()&amp#27;[0m
Available: 554
  &amp#27;[32mThen &amp#27;[0m&amp#27;[32mI count available pets&amp#27;[0m           &amp#27;[90m# stepDefinitions.StoreSteps.countPets()&amp#27;[0m
Request method:	GET
Request URI:	https://petstore.swagger.io/v2/pet/findByStatus?status=available
Proxy:			<none>
Request params:	<none>
Query params:	<none>
Form params:	<none>
Path params:	<none>
Headers:		Accept=*/*
				Content-Type=application/json
Cookies:		<none>
Multiparts:		<none>
Body:			<none>
  &amp#27;[32mAnd &amp#27;[0m&amp#27;[32mvalidate with findByStatus API&amp#27;[0m    &amp#27;[90m# stepDefinitions.StoreSteps.validateCount()&amp#27;[0m
]]></system-out>
  </testcase>
  <testcase name="runScenario[&quot;Invalid user operations&quot;, &quot;User Negative Testing&quot;](4)" classname="runners.TestRunner" time="4.031">
    <system-out><![CDATA[
Scenario: Invalid user operations       &amp#27;[90m# src/test/resources/features/user.feature:3&amp#27;[0m
Request method:	POST
Request URI:	https://petstore.swagger.io/v2/user
Proxy:			<none>
Request params:	<none>
Query params:	<none>
Form params:	<none>
Path params:	<none>
Headers:		Accept=*/*
				Content-Type=application/json
Cookies:		<none>
Multiparts:		<none>
Body:
{
    "id": 0,
    "username": "testuser",
    "email": "invalid_email",
    "password": "12345"
}
HTTP/1.1 200 OK
Date: Thu, 02 Apr 2026 04:12:08 GMT
Content-Type: application/json
Transfer-Encoding: chunked
Connection: keep-alive
Access-Control-Allow-Origin: *
Access-Control-Allow-Methods: GET, POST, DELETE, PUT
Access-Control-Allow-Headers: Content-Type, api_key, Authorization
Server: Jetty(9.2.9.v20150224)

{
    "code": 200,
    "type": "unknown",
    "message": "9223372036854762205"
}
  &amp#27;[32mWhen &amp#27;[0m&amp#27;[32mI create user with invalid email&amp#27;[0m &amp#27;[90m# stepDefinitions.UserSteps.createUser()&amp#27;[0m
Request method:	GET
Request URI:	https://petstore.swagger.io/v2/user/unknown123
Proxy:			<none>
Request params:	<none>
Query params:	<none>
Form params:	<none>
Path params:	<none>
Headers:		Accept=*/*
				Content-Type=application/json
Cookies:		<none>
Multiparts:		<none>
Body:			<none>
  &amp#27;[32mThen &amp#27;[0m&amp#27;[32mI get non existing user&amp#27;[0m          &amp#27;[90m# stepDefinitions.UserSteps.getUser()&amp#27;[0m
Request method:	GET
Request URI:	https://petstore.swagger.io/v2/user/login?username=wrong&password=wrong
Proxy:			<none>
Request params:	<none>
Query params:	<none>
Form params:	<none>
Path params:	<none>
Headers:		Accept=*/*
				Content-Type=application/json
Cookies:		<none>
Multiparts:		<none>
Body:			<none>
Login Response: {"code":200,"type":"unknown","message":"logged in user session:1775103130817"}
  &amp#27;[32mAnd &amp#27;[0m&amp#27;[32mvalidate login failure&amp#27;[0m            &amp#27;[90m# stepDefinitions.UserSteps.loginFail()&amp#27;[0m
]]></system-out>
  </testcase>
</testsuite>